<?xml version="1.0" encoding="UTF-8"?>
<testng-results skipped="0" failed="0" ignored="0" total="1" passed="1">
  <reporter-output>
    <line>
      <![CDATA[Starting the Testscript]]>
    </line>
    <line>
      <![CDATA[Launching the Browser]]>
    </line>
    <line>
      <![CDATA[Browser is launched and navigated to the AUTURL]]>
    </line>
    <line>
      <![CDATA[Title MatchesInsurance - Compare Insurance Policy Quotes - Life, Car, Health, Travel]]>
    </line>
    <line>
      <![CDATA[Title matched]]>
    </line>
    <line>
      <![CDATA[Title MatchesPolicyBazaar Two Wheeler Insurance]]>
    </line>
    <line>
      <![CDATA[Two Wheeler page Title matched]]>
    </line>
  </reporter-output>
  <suite name="Default suite" duration-ms="47947" started-at="2017-11-14T16:04:21Z" finished-at="2017-11-14T16:05:09Z">
    <groups>
    </groups>
    <test name="Default test" duration-ms="47947" started-at="2017-11-14T16:04:21Z" finished-at="2017-11-14T16:05:09Z">
      <class name="testScripts.Sample">
        <test-method status="PASS" signature="policyWording()[pri:0, instance:testScripts.Sample@4dfa3a9d]" name="policyWording" duration-ms="47911" started-at="2017-11-14T21:34:21Z" finished-at="2017-11-14T21:35:09Z">
          <reporter-output>
            <line>
              <![CDATA[Starting the Testscript]]>
            </line>
            <line>
              <![CDATA[Launching the Browser]]>
            </line>
            <line>
              <![CDATA[Browser is launched and navigated to the AUTURL]]>
            </line>
            <line>
              <![CDATA[Title MatchesInsurance - Compare Insurance Policy Quotes - Life, Car, Health, Travel]]>
            </line>
            <line>
              <![CDATA[Title matched]]>
            </line>
            <line>
              <![CDATA[Title MatchesPolicyBazaar Two Wheeler Insurance]]>
            </line>
            <line>
              <![CDATA[Two Wheeler page Title matched]]>
            </line>
          </reporter-output>
        </test-method> <!-- policyWording -->
      </class> <!-- testScripts.Sample -->
    </test> <!-- Default test -->
  </suite> <!-- Default suite -->
</testng-results>
