<?xml version="1.0" encoding="UTF-8"?>
<testng-results skipped="0" failed="0" ignored="0" total="1" passed="1">
  <reporter-output>
    <line>
      <![CDATA[Starting the Testscript]]>
    </line>
    <line>
      <![CDATA[Launching the Browser]]>
    </line>
    <line>
      <![CDATA[Browser is launched and navigated to the AUTURL]]>
    </line>
  </reporter-output>
  <suite name="Default suite" duration-ms="15018" started-at="2017-11-15T16:48:17Z" finished-at="2017-11-15T16:48:33Z">
    <groups>
    </groups>
    <test name="Default test" duration-ms="15018" started-at="2017-11-15T16:48:17Z" finished-at="2017-11-15T16:48:33Z">
      <class name="testScripts.HealthInsurance">
        <test-method status="PASS" signature="HealthInsuranceScript()[pri:0, instance:testScripts.HealthInsurance@e25b2fe]" name="HealthInsuranceScript" duration-ms="14994" started-at="2017-11-15T22:18:18Z" finished-at="2017-11-15T22:18:32Z">
          <reporter-output>
            <line>
              <![CDATA[Starting the Testscript]]>
            </line>
            <line>
              <![CDATA[Launching the Browser]]>
            </line>
            <line>
              <![CDATA[Browser is launched and navigated to the AUTURL]]>
            </line>
          </reporter-output>
        </test-method> <!-- HealthInsuranceScript -->
      </class> <!-- testScripts.HealthInsurance -->
    </test> <!-- Default test -->
  </suite> <!-- Default suite -->
</testng-results>
